110\.227\.112\. =  635 635 645 643 641 645 645 645 640 638 640 640 625 637 640 638 631 633 635 637 639 639 638 645 644 645 645 645 645 645 
110\.227\.176\. =  635 635 645 643 641 645 645 645 640 638 640 640 625 637 639 638 630 633 635 637 639 639 638 645 644 645 645 645 645 645 
110\.227\.188\. =  635 635 645 643 641 645 645 645 640 639 640 640 625 637 640 638 632 633 635 637 639 639 638 645 644 645 645 645 645 645 
117\.96\.0\. =  635 635 645 643 641 645 645 645 640 638 640 640 625 637 640 638 631 633 635 637 639 639 638 645 644 645 645 645 645 645 
122\.160\.148\. =  630 630 630 628 626 630 630 630 625 625 625 625 610 622 625 623 616 618 620 622 624 624 623 630 629 630 630 630 630 630 
122\.160\.230\. =  622 622 620 619 619 621 623 622 613 611 612 613 595 608 610 610 603 605 606 608 611 611 609 615 613 611 610 611 611 613 
122\.160\.25\. =  635 635 635 633 631 635 635 635 630 629 630 630 615 627 629 628 622 623 625 627 629 629 628 635 634 635 635 635 635 635 
122\.162\.244\. =  635 635 645 643 641 645 645 645 640 639 640 640 625 637 639 638 631 633 635 637 639 639 638 645 644 645 645 645 645 645 
122\.163\.144\. =  635 635 645 643 641 645 645 645 640 638 640 640 625 637 640 638 631 633 635 637 639 639 638 645 644 645 645 645 645 645 
122\.163\.192\. =  635 635 645 643 641 645 645 645 640 638 640 640 625 637 640 638 631 633 635 637 639 639 638 645 644 645 645 645 645 645 
122\.163\.224\. =  635 635 645 643 641 645 645 645 640 638 640 640 625 637 640 638 631 633 635 637 639 639 638 645 644 645 645 645 645 645 
122\.163\.240\. =  635 635 645 643 641 645 645 645 640 638 640 640 625 637 640 638 631 633 635 637 639 639 638 645 644 645 645 645 645 645 
122\.176\.71\. =  635 635 635 633 631 635 635 634 630 628 630 630 615 627 630 628 620 623 625 627 629 629 628 635 634 635 635 635 635 635 
122\.176\.92\. =  630 630 640 638 636 640 640 640 635 635 635 635 620 632 634 633 626 628 630 632 634 634 633 640 639 640 640 640 640 640 
122\.177\.0\. =  635 635 645 643 641 645 645 645 640 640 640 640 625 637 639 638 630 633 635 637 639 639 638 645 644 645 645 645 645 645 
122\.177\.120\. =  635 635 645 643 641 645 645 645 640 640 640 640 625 637 639 638 630 633 635 637 639 639 638 645 644 645 645 645 645 645 
122\.177\.16\. =  635 635 645 643 641 645 645 645 640 640 640 640 625 637 639 638 630 633 635 637 639 639 638 645 644 645 645 645 645 645 
122\.177\.192\. =  635 635 645 643 641 645 645 645 640 640 640 640 625 637 639 638 630 633 635 637 639 639 638 645 644 645 645 645 645 645 
122\.177\.224\. =  635 635 645 643 641 645 645 645 640 640 640 640 625 637 639 638 630 633 635 637 639 639 638 645 644 645 645 645 645 645 
122\.177\.240\. =  635 635 645 643 641 645 645 645 640 640 640 640 625 637 639 638 630 633 635 637 639 639 638 645 644 645 645 645 645 645 
122\.177\.64\. =  635 635 645 643 641 645 645 645 640 640 640 640 625 637 639 638 630 633 635 637 639 639 638 645 644 645 645 645 645 645 
171\.48\.32\. =  635 635 645 643 641 645 645 645 640 639 640 640 625 637 639 638 632 633 635 636 639 639 638 645 644 645 645 645 645 645 
171\.48\.40\. =  635 635 645 643 641 645 645 645 640 639 640 640 625 637 640 638 632 633 635 637 639 639 638 645 644 645 645 645 645 645 
171\.61\.128\. =  635 635 645 643 641 645 645 645 640 639 640 640 625 637 640 638 632 633 635 637 639 639 638 645 644 645 645 645 645 645 
171\.61\.176\. =  635 635 645 643 641 645 645 645 640 639 640 640 625 637 640 638 632 633 635 637 639 639 638 645 644 645 645 645 645 645 
171\.79\.96\. =  635 635 645 643 641 645 645 645 640 638 640 640 625 637 640 638 631 633 635 637 639 639 638 645 644 645 645 645 645 645 
182\.68\.44\. =  635 635 645 643 641 645 645 645 640 639 640 640 625 637 640 638 632 633 635 637 639 639 638 645 644 645 645 645 645 645 
182\.69\.208\. =  635 635 645 643 641 645 645 645 640 639 640 640 625 637 639 638 632 633 635 637 639 639 638 645 644 645 645 645 645 645 
182\.69\.248\. =  635 635 645 643 641 645 645 645 640 639 640 640 625 637 640 638 632 633 635 637 639 639 638 645 644 645 645 645 645 645 
182\.69\.252\. =  635 635 645 643 641 645 645 645 640 639 640 640 625 637 639 638 632 633 635 637 639 639 638 645 644 645 645 645 645 645 
182\.69\.254\. =  635 635 645 643 641 645 645 645 640 639 640 640 625 637 639 638 632 633 635 637 639 639 638 645 644 645 645 645 645 645 
182\.77\.0\. =  635 635 645 643 641 645 645 645 640 639 640 640 625 637 639 638 632 633 635 636 639 639 638 645 644 645 645 645 645 645 
182\.77\.112\. =  635 635 645 643 641 645 645 645 640 638 640 640 625 637 640 638 631 633 635 637 639 639 638 645 644 645 645 645 645 645 
182\.77\.8\. =  635 635 645 643 641 645 645 645 640 639 640 640 625 637 639 638 632 633 635 637 639 639 638 645 644 645 645 645 645 645 
223\.179\.128\. =  635 635 645 643 641 645 645 645 640 639 640 640 625 637 640 638 631 633 635 637 639 639 638 645 644 645 645 645 645 645 
223\.190\.0\. =  1270 1270 1290 1286 1282 1290 1290 1290 1280 1280 1280 1280 1250 1274 1280 1276 1264 1266 1270 1274 1278 1278 1276 1290 1288 1290 1290 1290 1290 1290 
223\.190\.112\. =  635 635 645 643 641 645 645 645 640 640 640 640 625 637 640 638 632 633 635 637 639 639 638 645 644 645 645 645 645 645 
223\.190\.96\. =  635 635 645 643 641 645 645 645 640 640 640 640 625 637 640 638 632 633 635 637 639 639 638 645 644 645 645 645 645 645 
223\.233\.64\. =  635 635 645 643 641 645 645 645 640 640 640 640 625 637 640 638 632 633 635 637 639 639 638 645 644 645 645 645 645 645 
223\.233\.80\. =  635 635 645 643 641 645 645 645 640 640 640 640 625 637 640 638 632 633 635 637 639 